<?xml version="1.0" encoding="UTF-8"?>
<testsuite name="EventsStatisticImplTest" tests="5" skipped="0" failures="0" errors="0" timestamp="2021-12-19T14:36:38" hostname="DESKTOP-MPJ8SNB" time="0.036">
  <properties/>
  <testcase name="getAllEventStatisticTest" classname="EventsStatisticImplTest" time="0.027"/>
  <testcase name="getEventStatisticByNameMultipleEventsTest" classname="EventsStatisticImplTest" time="0.006"/>
  <testcase name="getEventStatisticByNameMultipleInstantsTest" classname="EventsStatisticImplTest" time="0.0"/>
  <testcase name="getEventStatisticByNameOffsetTest" classname="EventsStatisticImplTest" time="0.0"/>
  <testcase name="getEventStatisticByNameZeroTest" classname="EventsStatisticImplTest" time="0.001"/>
  <system-out><![CDATA[]]></system-out>
  <system-err><![CDATA[]]></system-err>
</testsuite>
